
========================================================================
  EPOCA   1 / 10  |  2026-05-13 01:23:19
  Loss: 0.11564656   Acc train: 86.75%
========================================================================

MATRIZ HIDDEN->OUTPUT  (64 filas x 10 columnas)
Fila = nodo hidden j  |  Columna = nodo output k (digito 0-9)
------------------------------------------------------------------------
j	k=0	k=1	k=2	k=3	k=4	k=5	k=6	k=7	k=8	k=9
0	0.87990723	-0.10188228	1.09905175	-0.28217599	-1.36068549	0.30154831	-0.32859345	-0.95173535	-0.45659238	-0.53665216
1	0.34539461	-1.21506812	-0.28348600	-1.29977249	1.48152594	0.20032192	-1.82536482	0.70625804	-0.08967734	-1.60246208
2	-0.56448472	0.25938918	-0.03142898	-0.49108976	1.43084556	0.06521752	-1.30009957	-0.06351470	-1.11208232	-0.03600313
3	0.23330926	-1.52858823	0.42329326	0.31564587	0.61596174	-1.53991670	-0.32936255	-1.45378684	-0.50430362	1.21555747
4	-0.73837833	0.44307148	0.02792140	-0.26407074	-0.07844515	0.03636495	-0.20890225	0.86636234	0.16879811	-0.38940379
5	-1.37241031	-0.00103656	0.05299232	0.10323250	-0.01949161	0.27042740	-0.37926795	-0.03270784	1.01813946	-0.72695806
6	-1.03074001	1.38926580	-3.03563698	0.72806811	1.37215355	-0.11622454	-1.75807996	0.80212196	2.06489536	0.42121761
7	0.85372203	-1.21081285	-1.17147276	0.01204788	0.20999096	0.70413337	0.57188311	-0.97367293	-0.65313507	-0.65321765
8	-0.98544422	-1.17517591	-0.45885474	0.11689925	-0.31314824	-0.53147707	-0.77300511	1.64736658	-0.64765087	0.96296560
9	0.09534501	0.19992064	-0.25416904	-1.07247125	-0.42743850	0.17415199	0.12284812	-0.63707559	0.44060522	0.43979279
10	-0.54559594	0.03092947	0.00336926	-0.31487066	0.37733749	-0.03069030	0.11550292	-0.18394143	-0.10471363	-1.17626414
11	0.31986101	-0.84462182	-0.59368078	-0.83815111	0.41843751	1.34504304	-0.47896134	0.06209315	0.35841389	-0.64510284
12	0.45773385	-0.58720829	-1.10629801	0.47648167	0.86096071	0.37707887	-0.90991724	0.10747112	-0.57772469	0.20681857
13	-1.39043844	0.37979045	-1.08631888	0.57881158	-0.20779063	0.91385777	0.16053063	-0.74589879	0.90256773	0.55988130
14	-0.37697544	-0.78787462	-1.39814088	0.69834981	0.73950364	1.32442431	0.24171782	-0.16947066	-1.16476012	0.25809425
15	-0.85538060	0.68604615	0.08513103	-0.92911049	-0.04571153	-1.24164796	0.12085981	1.75068798	-1.54934090	-0.16634049
16	0.00002038	-0.51207068	0.74968233	0.22809656	-0.49732810	-0.14420549	-0.88117519	-1.37979690	-0.21889175	2.35277630
17	0.13378956	0.30922182	-0.81932105	-0.07789522	-0.92721047	0.03401465	-0.01130747	1.46594102	-1.38427934	-0.42279554
18	0.48416636	0.22144711	0.04597576	0.14324113	-0.04049596	0.25676055	-0.33471733	0.34231219	-0.83530222	-0.68842520
19	-0.13544505	0.03838811	0.77580888	-0.60047803	1.48578640	-1.23058449	-0.89047881	0.23265681	-0.53270883	0.80884143
20	-0.04910825	-0.24639309	1.02724136	-0.60413649	0.06638990	0.76036574	-1.09852840	0.57218640	-0.72996465	0.38884706
21	-0.58042449	-0.61468226	-0.22757061	-0.79987762	-0.11145479	-0.78067176	-0.04963311	0.30620494	-0.16374085	-0.75670282
22	-0.18797730	-0.09321289	0.42058289	-0.44634462	-1.37680867	-0.37619223	-0.67127362	0.27592304	-0.25808264	-0.00068045
23	2.65713747	0.14296233	0.41522466	-0.90326757	-0.48471491	-2.76602379	-0.64190525	0.63416792	-1.64203089	-0.92473840
24	0.28917401	-0.18120566	-1.23258192	-0.47351611	-1.14454190	-0.14394878	1.24548170	-0.49463508	-0.40138508	1.82639104
25	0.16293241	-1.71013005	1.43543253	0.69924046	-0.29243105	-0.73398439	-0.67525353	-0.20671723	-1.61168361	-0.94295107
26	-0.95335538	-1.52329629	0.33579601	0.09385999	-0.43710897	-1.27879024	-0.42874754	-0.83233579	0.04049697	0.02369807
27	-1.13147947	0.55572430	0.58980613	-2.41662028	0.46169635	-1.12295257	0.80598043	0.53025098	-0.65511768	0.36187510
28	-0.24299895	-0.10183001	0.39587835	-1.26603556	-0.08613573	0.73704762	-0.37895627	0.01019926	-1.26985021	0.20820557
29	-1.06610039	0.55071297	0.16947050	0.38713757	0.79950302	-0.49865419	0.51513984	-0.86840727	-0.11635268	-0.93157027
30	-0.32129862	0.70598323	0.00244169	-0.33375330	-1.32217172	0.34156440	-1.17648538	0.25156543	0.22142296	-0.73104255
31	0.35729146	0.90200615	1.10663641	0.21828300	-1.40714662	-0.94583796	-0.99152350	-0.04487812	0.76753208	-0.52272901
32	0.86850375	-0.13255957	-0.80117083	-0.34425324	-0.06702996	-1.13530073	1.08884590	0.15607083	-0.59441277	0.78457117
33	-0.02859420	0.98018644	0.04620600	0.09274830	-0.16331752	-0.36703345	0.25335593	0.13669195	-1.07286264	0.28559467
34	0.25346268	0.78088095	-0.70857368	1.00701837	0.35234586	0.51730674	-0.76983956	0.22414627	-2.27333673	-1.13664579
35	-0.61336782	-0.24859037	-1.43505248	0.56247902	-0.58778832	-0.02567902	-0.83491751	0.59984221	0.57762181	0.67436024
36	-0.59111248	1.38392632	-1.37525853	0.13413770	-0.32184835	0.54867005	-0.43449020	-0.11669201	-0.96635786	-0.25896180
37	-1.09669968	0.69384306	0.17418060	-1.65932089	2.10750436	0.78081654	1.03462027	-0.74082711	-0.28763517	-1.04521966
38	-1.12007621	-0.46285848	0.09919429	0.00111589	0.30638534	-0.71878468	0.20089211	-0.38387441	0.16059258	0.25713525
39	-0.29106169	-0.13878146	-0.76633090	-0.80303151	-0.65459164	0.28590012	-0.50690254	0.49971462	-0.49806028	1.95330048
40	0.47828756	-0.73199056	0.08032587	-2.24984204	-1.19394293	1.57068296	0.28355934	0.00298747	1.09768921	-1.44573785
41	0.73171710	-0.34931948	-0.18963117	-0.28946890	-0.60221456	0.39201617	-0.03980478	-0.04447403	-0.68174787	-0.03125827
42	-0.32565485	0.12482279	-0.74746348	1.03224042	-0.11714434	-1.92269419	-0.44608627	0.19842610	-0.47414881	-0.08246216
43	-1.60625433	-0.39382430	0.67893283	0.40291736	-0.55447055	0.82138297	-0.09910029	-0.63556205	0.47257899	0.27597033
44	0.48071520	-0.70001627	-0.89296035	-0.94910322	-0.84068575	0.03097313	0.87752819	-0.37921941	0.59571127	0.61693809
45	-0.79963462	0.87567701	-0.25960483	1.65435916	-1.13440661	1.17973272	-0.27226073	-0.57237568	-1.60967723	-0.62095462
46	-1.04504045	0.75397388	0.53556228	0.25793535	0.96485000	-0.81572646	1.15145179	-1.23760174	-0.21659942	-0.32516598
47	0.14946463	-0.03346850	-1.33245227	-0.97140658	0.47605960	0.31218186	0.20989010	0.18846543	1.45817722	-0.26442321
48	-0.24928370	-1.54090838	-0.12034856	0.77857299	-0.71058263	-0.06801945	0.29555143	-0.09114273	0.31426241	-0.00485917
49	0.22431630	-1.03894045	-1.24813303	-1.16318509	0.71078545	1.72231218	1.69041649	-1.22096056	-0.67022477	-0.58191492
50	0.01724156	0.81535075	-0.10180829	0.04857066	0.39488887	-2.23463685	0.96089607	-1.56300182	1.14423790	0.56821358
51	-0.54295724	-0.11467249	0.11894166	-0.02337275	0.00396565	-0.94056672	-0.26620118	0.45409208	-0.11147467	-0.97989094
52	-0.47654222	0.03027830	0.55495113	-0.79361769	-0.90299724	1.61441639	0.76656276	-1.28783764	-0.35453103	-0.02498021
53	0.40942060	0.13464114	0.18965507	-0.38470991	-0.01824027	0.00759213	-1.23176271	-1.82300570	-0.07912313	0.15961663
54	0.94830664	0.33818516	0.13829662	0.07571145	0.27694766	0.22394369	0.62458459	-1.69510331	0.28714613	-2.20539611
55	-1.00114995	0.87222519	-1.11993476	-0.66218391	-0.01134869	-0.04855751	1.20975780	0.55768883	-1.23266867	0.06827049
56	0.92218055	0.57644151	0.39469772	0.88680941	-1.73509813	-0.40586348	-0.96384342	-0.75728625	1.83375934	0.15951937
57	-1.08974177	0.78351723	0.70739833	1.51440745	-0.65955020	0.45024818	-1.56383355	0.29952519	-1.66795858	-1.48219456
58	0.08318431	-1.05372620	0.40069951	0.34072394	0.51481699	0.09989531	-1.69779791	-0.62639148	-0.04783121	0.76539445
59	0.43017807	-0.36092367	-1.33076215	0.00527015	0.38978027	-0.17833067	-0.02056282	-0.19669979	0.41543224	-0.33062263
60	-0.27337457	-0.66351753	-0.43223484	-1.42801316	-0.77489917	-0.16362265	-0.01557946	0.06072392	-0.33694338	-1.06832244
61	0.72812415	-1.79876573	1.11620357	0.23959598	-1.67156310	-1.08607766	0.59984904	1.78804928	0.37421541	-1.52722802
62	0.16872370	0.56784223	0.85690877	0.52037984	-1.55931960	-0.77152520	0.56759007	0.65148897	-0.86600072	-2.03374773
63	-1.09556242	0.13825464	0.43244773	1.12791412	-1.20085572	1.28612388	-0.59244445	0.35161082	-1.49659865	0.01496879

MATRIZ INPUT->HIDDEN  (primeras 10 filas: pixels i=0..9  x 64 columnas)
Fila = pixel i  |  Columna = nodo hidden j (0-63)
NOTA: la matriz completa tiene 784 x 64 = 50 176 entradas.
      Solo se registran las primeras 10 filas como evidencia de cambio.
------------------------------------------------------------------------
i	j=0	j=1	j=2	j=3	j=4	j=5	j=6	j=7	j=8	j=9	j=10	j=11	j=12	j=13	j=14	j=15	j=16	j=17	j=18	j=19	j=20	j=21	j=22	j=23	j=24	j=25	j=26	j=27	j=28	j=29	j=30	j=31	j=32	j=33	j=34	j=35	j=36	j=37	j=38	j=39	j=40	j=41	j=42	j=43	j=44	j=45	j=46	j=47	j=48	j=49	j=50	j=51	j=52	j=53	j=54	j=55	j=56	j=57	j=58	j=59	j=60	j=61	j=62	j=63
0	0.13942680	-0.47498924	-0.22497068	-0.27678926	0.23647121	0.17669949	0.39217957	-0.41306117	-0.07807818	-0.47020278	-0.28136203	0.00535529	-0.47346403	-0.30116235	0.14988444	0.04494148	-0.27955938	0.08926568	0.30943046	-0.49350124	0.30581925	0.19813939	-0.15974948	-0.34452050	0.45721307	-0.16340545	-0.40725416	-0.40328362	0.34749437	0.10372603	0.30712827	0.22973179	0.03622809	0.47311576	-0.12146562	0.05204063	0.32940466	0.11851975	0.36170690	0.07735215	0.20457184	-0.45417562	-0.27210172	-0.21061204	-0.42020802	-0.26720911	-0.39899857	-0.22202640	0.13568444	-0.13516782	-0.12981903	-0.29049297	-0.23302218	0.43665459	0.14803539	0.10913101	-0.32886135	0.22912680	-0.33659751	-0.12054456	0.48952335	0.13999976	0.05694974	0.18461425
1	0.34285192	0.27599991	-0.27095193	-0.46789976	-0.18454695	-0.23225912	-0.28901716	0.44290971	0.37636763	-0.18532212	0.15543867	-0.10436810	0.41454759	-0.04114815	-0.23511983	-0.25337249	0.06136813	-0.23725839	0.08458599	0.39782288	-0.10059949	-0.28067924	0.49753761	0.00952629	-0.40909059	-0.45288362	-0.39035087	0.12744604	0.29207936	-0.07784003	-0.43647229	-0.11838071	0.49612138	0.02911435	0.47107838	0.36077970	-0.48851898	0.22072182	0.18171037	0.03697033	-0.23317481	0.14096180	-0.38844783	-0.06523475	-0.04627629	0.45381593	0.37585294	-0.23661095	0.00058611	-0.32134812	0.41262784	0.37051857	-0.20155521	0.13894949	0.10897021	-0.34716073	0.26251080	0.03937903	0.27862648	0.03035367	-0.49942810	-0.17584394	-0.48052326	0.42909862
2	0.37872188	0.33166553	-0.19248587	-0.44207483	0.37800960	0.44694945	-0.41434655	-0.01400954	-0.43078748	0.26060217	0.26583443	-0.37160854	-0.02471762	0.04980359	-0.23494337	0.37243304	-0.07686206	-0.28820179	0.03929609	0.22993107	-0.29884894	-0.18828371	0.49514936	0.14987806	-0.06189992	0.01757584	-0.37899580	-0.27530266	-0.16191444	0.08830872	-0.26988527	-0.27978262	-0.42900691	0.13110296	-0.27105822	0.40542001	0.35963540	-0.42914265	-0.26199537	0.16897778	-0.28576319	-0.36768815	0.43551424	0.07104309	-0.02732897	0.28461942	0.30749700	-0.30959009	-0.40306919	-0.06894882	-0.07642138	-0.03297533	0.22907585	0.17336455	0.48416521	-0.40158213	-0.09737872	-0.16069739	0.36167254	-0.25134367	-0.30979109	-0.05138645	-0.07811836	-0.22145486
3	-0.25019355	0.42326560	-0.05686925	0.36134910	0.05032531	-0.44941167	0.49928247	0.33602759	0.46899626	0.42636698	0.34869573	-0.33368889	-0.01435887	-0.28625270	-0.09895971	-0.44136460	-0.12102688	0.48530884	-0.23479694	0.28407060	-0.04499163	-0.07699251	0.45731764	0.49542269	0.05576832	0.21840828	-0.34520317	-0.20329217	0.46870936	0.07918029	0.04219520	0.24797556	-0.44283473	0.08417759	0.00285038	0.35271989	-0.34256727	0.46077890	-0.41988853	-0.31417504	0.09503511	0.17521255	-0.26479610	-0.38011339	0.39028731	-0.25378465	0.09451915	0.11938151	-0.08077508	0.08367229	0.02278272	0.43470626	-0.29574080	0.21619180	-0.26131405	-0.10421415	0.17169022	-0.20000292	-0.18382280	0.25186449	-0.42745689	-0.04171448	0.49845444	0.49609645
4	-0.42673928	-0.28684569	-0.23479959	0.43325938	0.38086417	0.37927024	-0.13047291	-0.34225317	0.33374495	0.20353993	0.11167777	0.48723306	0.15397632	-0.49217689	0.31710414	-0.20062125	0.16338871	0.43893000	-0.36570889	-0.38457133	-0.39296402	0.05322364	-0.22765179	0.10482983	0.21761219	-0.29640269	0.13423796	-0.23601610	-0.01146815	0.40533649	0.34610371	-0.40770153	-0.07642423	-0.22331978	-0.49645431	0.27111922	0.13711338	-0.23804474	0.24123091	0.05168042	-0.07231308	-0.49033030	-0.42475614	0.38310639	0.40392857	0.04559029	0.33459502	0.08250957	-0.35190621	-0.37255448	-0.19174165	0.39898149	0.29612230	0.36070258	0.39892464	-0.28992346	-0.25047026	-0.39720638	0.28011624	0.38413470	-0.09362261	0.12066151	-0.34544666	0.42988102
5	0.36460570	0.47620603	0.31077172	0.38141620	-0.47521364	0.23656447	-0.16781453	0.43081589	0.30223514	0.36406403	0.31074932	-0.23319429	0.28737451	-0.39190437	0.37216678	0.35859325	-0.27756628	0.31658661	-0.03969677	-0.19480913	0.29534550	-0.27240451	-0.47633557	-0.30687021	-0.17173805	0.36435294	0.46688910	-0.22087501	0.14148174	-0.10032162	0.48114969	0.03621573	0.43923714	-0.38465825	0.47040061	-0.32143218	0.46253432	-0.23453364	-0.39159745	-0.06543624	0.22854506	-0.18632269	0.10620885	0.01142306	-0.11480457	0.07658804	-0.24527749	0.20878528	-0.49830872	0.42557517	0.03845200	0.21943000	0.24195008	0.17062850	-0.13577853	-0.43002619	0.16423768	-0.16979996	-0.18608435	0.34801528	0.21975426	-0.19967773	-0.19071534	-0.09160709
6	-0.09759961	-0.20434480	-0.37271220	-0.07955367	0.44036367	0.17731795	0.40280555	0.11551492	-0.19905013	0.04793721	-0.49959406	-0.21308628	-0.07011185	0.07998478	0.15470562	-0.03501181	-0.05784020	-0.28629860	-0.02681381	0.40118083	0.29602476	-0.33030860	-0.41520446	0.01545201	0.13294086	-0.16481174	0.31842346	0.25113814	0.17279567	-0.27535933	-0.30087007	-0.47557461	-0.25515746	-0.02486366	0.34973769	-0.42717177	-0.08555899	0.12976538	-0.30556476	0.19635425	-0.00562283	-0.25601556	0.15605801	-0.49445518	0.25096448	0.27004619	-0.39341270	-0.07485381	-0.32411332	0.45796604	0.01795775	-0.44978161	-0.25080172	0.34833635	-0.04353817	0.30141660	0.16757773	0.48789245	0.09545232	0.45003961	0.39142593	0.11265232	0.21927396	0.00477816
7	0.33056917	0.04787195	0.39720810	0.24365544	-0.02532556	-0.24080845	-0.25276026	0.13766144	0.26581368	0.02129981	0.12674844	-0.22540255	-0.42251665	-0.21427185	-0.22828489	-0.18029043	0.04015222	-0.36162594	-0.26873852	0.19394981	0.20641914	-0.43577115	-0.09240063	0.04261114	-0.08422577	-0.29316561	-0.07985648	0.40483848	0.08407941	0.19552299	0.35673203	0.26559458	-0.11961897	-0.49410392	-0.14824120	0.25347513	0.35344795	0.45343034	-0.08097872	0.24751567	0.04613231	0.10325259	-0.27946131	-0.28057837	-0.06416402	-0.47097518	-0.16387046	0.17914189	-0.09568333	-0.33495527	-0.03260985	-0.37237220	0.12225696	-0.47303355	-0.10597974	0.06439198	-0.47289795	0.14274965	-0.36430051	-0.03830156	-0.44971537	-0.12089614	-0.28833972	-0.17315420
8	0.26122971	-0.12087378	0.25200982	0.33192429	-0.24772847	-0.41809377	-0.48061671	0.03941905	0.49990783	-0.15003966	0.15014409	0.28123305	0.15175466	0.25423320	0.44961173	-0.30063932	-0.47961998	-0.34761765	-0.37377903	0.16945884	0.06396958	-0.28203546	0.19946497	0.26689810	-0.33221086	0.10724749	0.24792565	-0.38546713	0.31930117	0.46472077	-0.39190125	-0.47432157	-0.18804276	0.17734729	0.45817284	-0.10334556	0.21501471	-0.42400352	0.19061442	0.12724240	-0.39809869	0.27248088	0.35029324	0.10041161	-0.37894493	0.48384435	0.28263535	-0.15279623	-0.07162199	-0.12942912	0.00596079	-0.15876883	0.34957563	0.32233092	-0.39446113	0.46078757	0.13558511	0.32870731	0.20730864	-0.06451285	0.23379530	0.46547373	-0.22991760	0.30819922
9	0.03817291	-0.01650250	-0.06442551	0.23102621	-0.23160446	0.35171316	0.33073102	-0.41333710	0.38163118	-0.25613656	-0.03529153	0.11033170	-0.12101070	-0.47130000	0.35095284	-0.31816014	-0.28788015	0.29783236	-0.15966116	0.38031998	0.20118375	-0.22373142	-0.48984889	0.44806258	-0.41438704	0.22007466	-0.01142215	0.25816465	0.19060934	0.14590290	-0.00917866	0.29293287	-0.40694665	-0.27840360	0.19178716	-0.19379397	0.08155559	-0.02673951	0.03092193	-0.07449619	0.24593544	-0.16920870	0.20285494	-0.22908357	-0.24859632	-0.37934412	-0.30741571	-0.38044526	0.03586397	0.26218961	-0.31485016	-0.28361536	-0.01580141	0.22458500	0.47660702	0.02463687	-0.21700130	-0.39947389	-0.30588242	-0.27251684	-0.32055846	-0.48585163	0.03413509	-0.22568867

